[0m00:52:33.304056 [debug] [MainThread]: Sending event: {'category': 'dbt', 'action': 'invocation', 'label': 'start', 'context': [<snowplow_tracker.self_describing_json.SelfDescribingJson object at 0x0000027747C5F0D0>, <snowplow_tracker.self_describing_json.SelfDescribingJson object at 0x0000027749F94370>, <snowplow_tracker.self_describing_json.SelfDescribingJson object at 0x0000027749F94190>]}


============================== 00:52:33.310600 | b354d5e2-828a-4541-a765-725525e4fd0f ==============================
[0m00:52:33.310600 [info ] [MainThread]: Running with dbt=1.11.2
[0m00:52:33.310600 [debug] [MainThread]: running dbt with arguments {'static_parser': 'True', 'no_print': 'None', 'version_check': 'True', 'warn_error_options': 'WarnErrorOptionsV2(error=[], warn=[], silence=[])', 'target_path': 'None', 'printer_width': '80', 'write_json': 'True', 'empty': 'None', 'log_cache_events': 'False', 'introspect': 'True', 'cache_selected_only': 'False', 'log_format': 'default', 'debug': 'False', 'fail_fast': 'False', 'profiles_dir': 'C:\\Users\\aleks\\.dbt', 'send_anonymous_usage_stats': 'True', 'quiet': 'False', 'warn_error': 'None', 'partial_parse': 'True', 'invocation_command': 'dbt debug', 'indirect_selection': 'eager', 'use_colors': 'True', 'use_experimental_parser': 'False', 'log_path': 'logs'}
[0m00:52:33.352710 [info ] [MainThread]: dbt version: 1.11.2
[0m00:52:33.354216 [info ] [MainThread]: python version: 3.10.0
[0m00:52:33.355225 [info ] [MainThread]: python path: C:\Users\aleks\Documents\Projects\Reluvia\DWH\.venv\Scripts\python.exe
[0m00:52:33.355769 [info ] [MainThread]: os info: Windows-10-10.0.26100-SP0
[0m00:52:33.361955 [error] [MainThread]: Encountered an error:
Parsing Error
  Env var required but not provided: 'PG_ANALYTICS_HOST'
[0m00:52:33.362951 [debug] [MainThread]: Command `dbt debug` failed at 00:52:33.362951 after 0.17 seconds
[0m00:52:33.363968 [debug] [MainThread]: Sending event: {'category': 'dbt', 'action': 'invocation', 'label': 'end', 'context': [<snowplow_tracker.self_describing_json.SelfDescribingJson object at 0x0000027747C5F0D0>, <snowplow_tracker.self_describing_json.SelfDescribingJson object at 0x0000027749F87EB0>, <snowplow_tracker.self_describing_json.SelfDescribingJson object at 0x0000027749F86110>]}
[0m00:52:33.363968 [debug] [MainThread]: Flushing usage events
[0m00:52:34.023163 [debug] [MainThread]: An error was encountered while trying to flush usage events
[0m00:52:57.814973 [debug] [MainThread]: Sending event: {'category': 'dbt', 'action': 'invocation', 'label': 'start', 'context': [<snowplow_tracker.self_describing_json.SelfDescribingJson object at 0x0000029CD37BB100>, <snowplow_tracker.self_describing_json.SelfDescribingJson object at 0x0000029CD5AE83D0>, <snowplow_tracker.self_describing_json.SelfDescribingJson object at 0x0000029CD5AE81F0>]}


============================== 00:52:57.822773 | 26efa720-f999-4c13-96a1-08913a36dc67 ==============================
[0m00:52:57.822773 [info ] [MainThread]: Running with dbt=1.11.2
[0m00:52:57.822773 [debug] [MainThread]: running dbt with arguments {'static_parser': 'True', 'no_print': 'None', 'version_check': 'True', 'warn_error_options': 'WarnErrorOptionsV2(error=[], warn=[], silence=[])', 'target_path': 'None', 'printer_width': '80', 'write_json': 'True', 'empty': 'None', 'log_cache_events': 'False', 'introspect': 'True', 'cache_selected_only': 'False', 'fail_fast': 'False', 'debug': 'False', 'log_format': 'default', 'profiles_dir': 'C:\\Users\\aleks\\.dbt', 'send_anonymous_usage_stats': 'True', 'quiet': 'False', 'warn_error': 'None', 'partial_parse': 'True', 'indirect_selection': 'eager', 'invocation_command': 'dbt test', 'use_colors': 'True', 'use_experimental_parser': 'False', 'log_path': 'logs'}
[0m00:52:57.822773 [error] [MainThread]: Encountered an error:
Runtime Error
  No dbt_project.yml found at expected path C:\Users\aleks\Documents\Projects\Reluvia\DWH\.worktrees\stripe-payments-analytics\dbt_project.yml
  Verify that each entry within packages.yml (and their transitive dependencies) contains a file named dbt_project.yml
  
[0m00:52:57.822773 [debug] [MainThread]: Command `dbt test` failed at 00:52:57.822773 after 0.20 seconds
[0m00:52:57.828124 [debug] [MainThread]: Sending event: {'category': 'dbt', 'action': 'invocation', 'label': 'end', 'context': [<snowplow_tracker.self_describing_json.SelfDescribingJson object at 0x0000029CD37BB100>, <snowplow_tracker.self_describing_json.SelfDescribingJson object at 0x0000029CD5AE84C0>, <snowplow_tracker.self_describing_json.SelfDescribingJson object at 0x0000029CD5AE8490>]}
[0m00:52:57.828124 [debug] [MainThread]: Flushing usage events
[0m00:52:58.612160 [debug] [MainThread]: An error was encountered while trying to flush usage events
[0m00:53:49.819970 [debug] [MainThread]: Sending event: {'category': 'dbt', 'action': 'invocation', 'label': 'start', 'context': [<snowplow_tracker.self_describing_json.SelfDescribingJson object at 0x0000024988AAB130>, <snowplow_tracker.self_describing_json.SelfDescribingJson object at 0x000002498ADDC370>, <snowplow_tracker.self_describing_json.SelfDescribingJson object at 0x000002498ADDC190>]}


============================== 00:53:49.825499 | b74b1ab7-9173-4c29-8f2b-77587a4a21d0 ==============================
[0m00:53:49.825499 [info ] [MainThread]: Running with dbt=1.11.2
[0m00:53:49.827508 [debug] [MainThread]: running dbt with arguments {'version_check': 'True', 'no_print': 'None', 'static_parser': 'True', 'target_path': 'None', 'warn_error_options': 'WarnErrorOptionsV2(error=[], warn=[], silence=[])', 'printer_width': '80', 'write_json': 'True', 'introspect': 'True', 'log_cache_events': 'False', 'empty': 'False', 'cache_selected_only': 'False', 'log_format': 'default', 'debug': 'False', 'fail_fast': 'False', 'profiles_dir': 'C:\\Users\\aleks\\.dbt', 'send_anonymous_usage_stats': 'True', 'quiet': 'False', 'warn_error': 'None', 'partial_parse': 'True', 'use_colors': 'True', 'invocation_command': 'dbt run --select mart_new_subscriptions', 'indirect_selection': 'eager', 'use_experimental_parser': 'False', 'log_path': 'logs'}
[0m00:53:49.829064 [error] [MainThread]: Encountered an error:
Runtime Error
  No dbt_project.yml found at expected path C:\Users\aleks\Documents\Projects\Reluvia\DWH\.worktrees\stripe-payments-analytics\dbt_project.yml
  Verify that each entry within packages.yml (and their transitive dependencies) contains a file named dbt_project.yml
  
[0m00:53:49.830090 [debug] [MainThread]: Command `dbt run` failed at 00:53:49.830090 after 0.16 seconds
[0m00:53:49.830090 [debug] [MainThread]: Sending event: {'category': 'dbt', 'action': 'invocation', 'label': 'end', 'context': [<snowplow_tracker.self_describing_json.SelfDescribingJson object at 0x0000024988AAB130>, <snowplow_tracker.self_describing_json.SelfDescribingJson object at 0x000002498ADDC460>, <snowplow_tracker.self_describing_json.SelfDescribingJson object at 0x000002498ADDC430>]}
[0m00:53:49.830090 [debug] [MainThread]: Flushing usage events
[0m00:53:50.529789 [debug] [MainThread]: An error was encountered while trying to flush usage events
